<?xml version="1.0" encoding="UTF-8"?>
<testsuites>
  <testsuite name="Get User Details" timestamp="2022-07-25T23:13:25" time="0.787" tests="1" failures="1" errors="1" skipped="0">
    <properties>
      <property name="specId" value="0"/>
      <property name="featureName" value="Get User Details"/>
      <property name="capabilities" value="chrome.103_0_5060_134.windows"/>
      <property name="featureFile" value=".\apiAutomation\featureFile\userDetails\userInfo.feature"/>
    </properties>
    <testcase classname="CucumberJUnitReport-chrome.103_0_5060_134.windows.Get User Details" name="Get User Info" time="0.755">
      <failure/>
      <error message="Error: expect(received).toBe(expected) // Object.is equality"/>
      <system-out><![CDATA[
✅ When I call 'get' request with endpoint '/public/v2' with following request parameter details
❗ Then Response code should be '404'
]]></system-out>
      <system-err><![CDATA[
Error: expect(received).toBe(expected) // Object.is equality

Expected: 404
Received: 200
    at D:\coforge_webdriverio_framework\apiAutomation\stepDefinitions\assertionSteps.ts:6:51
    at step (D:\coforge_webdriverio_framework\apiAutomation\stepDefinitions\assertionSteps.ts:33:23)
    at Object.next (D:\coforge_webdriverio_framework\apiAutomation\stepDefinitions\assertionSteps.ts:14:53)
    at fulfilled (D:\coforge_webdriverio_framework\apiAutomation\stepDefinitions\assertionSteps.ts:5:58)
    at processTicksAndRejections (node:internal/process/task_queues:96:5)
]]></system-err>
    </testcase>
  </testsuite>
</testsuites>